[16/Dec/2020:13:46:40] (I): WordPress Instance Info:
[16/Dec/2020:13:46:40] (I): Home URL : http://localhost/wordpress
[16/Dec/2020:13:46:40] (I): Site URL : http://localhost/wordpress
[16/Dec/2020:13:46:40] (I): WordPress Version : 5.6
[16/Dec/2020:13:46:40] (I): Onboarding Version : 1.1.1
[16/Dec/2020:13:46:40] (I): Multisite : No
[16/Dec/2020:13:46:40] (I): Server Info : Apache/2.4.46 (Win64) OpenSSL/1.1.1h PHP/8.0.0
[16/Dec/2020:13:46:40] (I): PHP Version : 8.0.0
[16/Dec/2020:13:46:40] (I): HTTPS : No
[16/Dec/2020:13:46:40] (I): PHP Max Execution Time : 120
[16/Dec/2020:13:46:40] (I): PHP Max Input Vars : 1000
[16/Dec/2020:13:46:40] (I): Max Upload Size : 41943040
[16/Dec/2020:13:46:40] (I): Plugins:
[16/Dec/2020:13:46:40] (I): [PLUGIN] Elementor : v3.0.14 (Elementor.com)
[16/Dec/2020:13:46:40] (I): [PLUGIN] Essential Addons for Elementor : v4.3.8 (WPDeveloper)
[16/Dec/2020:13:46:40] (I): [PLUGIN] Templates Patterns Collection : v1.1.1 (ThemeIsle)
[16/Dec/2020:13:46:40] (I): [PLUGIN] Orbit Fox Companion : v2.10.2 (Themeisle)
[16/Dec/2020:13:46:40] (P): Saving remote XML
[16/Dec/2020:13:46:40] (S): Saved remote XML at path C:\xampp\htdocs\wordpress/wp-content/uploads/themeisle-demo-import.xml.
[16/Dec/2020:13:46:40] (P): Starting content import...
[16/Dec/2020:13:46:40] (S): Import started.
[16/Dec/2020:13:46:40] (S): Parsing XML file.
[16/Dec/2020:13:46:40] (P): Starting parsing file:C:\xampp\htdocs\wordpress/wp-content/uploads/themeisle-demo-import.xml
[16/Dec/2020:13:46:40] (P): Using WXR_Parser_SimpleXML...
[16/Dec/2020:13:46:40] (S): Parsed XML
[16/Dec/2020:13:46:40] (P): Processing categories...
[16/Dec/2020:13:46:40] (S): Processed categories.
[16/Dec/2020:13:46:40] (P): Processing tags...
[16/Dec/2020:13:46:40] (S): No tags to process.
[16/Dec/2020:13:46:40] (P): Processing terms...
[16/Dec/2020:13:46:40] (S): Processed terms.
[16/Dec/2020:13:46:40] (P): Processing posts...
[16/Dec/2020:13:46:40] (P): Processing single menu item ' '...
[16/Dec/2020:13:46:40] (P): Processing attachment: https://s33834.pcdn.co/web-agency/wp-content/uploads/sites/421/2020/01/neve-web-design-studio-02.jpg...
[16/Dec/2020:13:46:40] (P): Fetching attachment from url: https://s33834.pcdn.co/web-agency/wp-content/uploads/sites/421/2020/01/neve-web-design-studio-02.jpg...
[16/Dec/2020:13:46:40] (S): Fetched remote attachment.
[16/Dec/2020:13:46:40] (P): Inserting attachment...
[16/Dec/2020:13:46:40] (S): Attachment inserted
[16/Dec/2020:13:46:40] (S): Processed attachment.
[16/Dec/2020:13:46:40] (P): Processing attachment: https://s33834.pcdn.co/web-agency/wp-content/uploads/sites/421/2020/01/neve-web-design-studio-03.jpg...
[16/Dec/2020:13:46:40] (P): Fetching attachment from url: https://s33834.pcdn.co/web-agency/wp-content/uploads/sites/421/2020/01/neve-web-design-studio-03.jpg...
[16/Dec/2020:13:46:40] (S): Fetched remote attachment.
[16/Dec/2020:13:46:40] (P): Inserting attachment...
[16/Dec/2020:13:46:40] (S): Attachment inserted
[16/Dec/2020:13:46:40] (S): Processed attachment.
[16/Dec/2020:13:46:40] (P): Processing attachment: https://s33834.pcdn.co/web-agency/wp-content/uploads/sites/421/2020/01/neve-web-design-studio-04.jpg...
[16/Dec/2020:13:46:40] (P): Fetching attachment from url: https://s33834.pcdn.co/web-agency/wp-content/uploads/sites/421/2020/01/neve-web-design-studio-04.jpg...
[16/Dec/2020:13:46:40] (S): Fetched remote attachment.
[16/Dec/2020:13:46:40] (P): Inserting attachment...
[16/Dec/2020:13:46:40] (S): Attachment inserted
[16/Dec/2020:13:46:40] (S): Processed attachment.
[16/Dec/2020:13:46:40] (P): Processing attachment: https://s33834.pcdn.co/web-agency/wp-content/uploads/sites/421/2020/01/neve-web-design-studio-05.jpg...
[16/Dec/2020:13:46:40] (P): Fetching attachment from url: https://s33834.pcdn.co/web-agency/wp-content/uploads/sites/421/2020/01/neve-web-design-studio-05.jpg...
[16/Dec/2020:13:46:41] (S): Fetched remote attachment.
[16/Dec/2020:13:46:41] (P): Inserting attachment...
[16/Dec/2020:13:46:41] (S): Attachment inserted
[16/Dec/2020:13:46:41] (S): Processed attachment.
[16/Dec/2020:13:46:41] (P): Processing attachment: https://s33834.pcdn.co/web-agency/wp-content/uploads/sites/421/2020/01/neve-web-design-studio-06.jpg...
[16/Dec/2020:13:46:41] (P): Fetching attachment from url: https://s33834.pcdn.co/web-agency/wp-content/uploads/sites/421/2020/01/neve-web-design-studio-06.jpg...
[16/Dec/2020:13:46:41] (S): Fetched remote attachment.
[16/Dec/2020:13:46:41] (P): Inserting attachment...
[16/Dec/2020:13:46:41] (S): Attachment inserted
[16/Dec/2020:13:46:41] (S): Processed attachment.
[16/Dec/2020:13:46:41] (P): Processing attachment: https://s33834.pcdn.co/web-agency/wp-content/uploads/sites/421/2020/01/neve-web-design-studio-07.jpg...
[16/Dec/2020:13:46:41] (P): Fetching attachment from url: https://s33834.pcdn.co/web-agency/wp-content/uploads/sites/421/2020/01/neve-web-design-studio-07.jpg...
[16/Dec/2020:13:46:41] (S): Fetched remote attachment.
[16/Dec/2020:13:46:41] (P): Inserting attachment...
[16/Dec/2020:13:46:41] (S): Attachment inserted
[16/Dec/2020:13:46:41] (S): Processed attachment.
[16/Dec/2020:13:46:41] (P): Processing attachment: https://s33834.pcdn.co/web-agency/wp-content/uploads/sites/421/2020/01/neve-web-design-studio-08.jpg...
[16/Dec/2020:13:46:41] (P): Fetching attachment from url: https://s33834.pcdn.co/web-agency/wp-content/uploads/sites/421/2020/01/neve-web-design-studio-08.jpg...
[16/Dec/2020:13:46:41] (S): Fetched remote attachment.
[16/Dec/2020:13:46:41] (P): Inserting attachment...
[16/Dec/2020:13:46:41] (S): Attachment inserted
[16/Dec/2020:13:46:41] (S): Processed attachment.
[16/Dec/2020:13:46:41] (P): Processing attachment: https://s33834.pcdn.co/web-agency/wp-content/uploads/sites/421/2020/01/neve-web-design-studio-09.jpg...
[16/Dec/2020:13:46:41] (P): Fetching attachment from url: https://s33834.pcdn.co/web-agency/wp-content/uploads/sites/421/2020/01/neve-web-design-studio-09.jpg...
[16/Dec/2020:13:46:41] (S): Fetched remote attachment.
[16/Dec/2020:13:46:41] (P): Inserting attachment...
[16/Dec/2020:13:46:41] (S): Attachment inserted
[16/Dec/2020:13:46:41] (S): Processed attachment.
[16/Dec/2020:13:46:41] (P): Processing attachment: https://s33834.pcdn.co/web-agency/wp-content/uploads/sites/421/2020/01/neve-web-design-studio-10.jpg...
[16/Dec/2020:13:46:41] (P): Fetching attachment from url: https://s33834.pcdn.co/web-agency/wp-content/uploads/sites/421/2020/01/neve-web-design-studio-10.jpg...
[16/Dec/2020:13:46:41] (S): Fetched remote attachment.
[16/Dec/2020:13:46:41] (P): Inserting attachment...
[16/Dec/2020:13:46:41] (S): Attachment inserted
[16/Dec/2020:13:46:41] (S): Processed attachment.
[16/Dec/2020:13:46:41] (P): Processing attachment: https://s33834.pcdn.co/web-agency/wp-content/uploads/sites/421/2020/01/neve-web-design-studio-11.jpg...
[16/Dec/2020:13:46:41] (P): Fetching attachment from url: https://s33834.pcdn.co/web-agency/wp-content/uploads/sites/421/2020/01/neve-web-design-studio-11.jpg...
[16/Dec/2020:13:46:41] (S): Fetched remote attachment.
[16/Dec/2020:13:46:41] (P): Inserting attachment...
[16/Dec/2020:13:46:41] (S): Attachment inserted
[16/Dec/2020:13:46:41] (S): Processed attachment.
[16/Dec/2020:13:46:41] (P): Processing attachment: https://s33834.pcdn.co/web-agency/wp-content/uploads/sites/421/2020/06/cropped-web-agency-logo.png...
[16/Dec/2020:13:46:41] (P): Fetching attachment from url: https://s33834.pcdn.co/web-agency/wp-content/uploads/sites/421/2020/06/cropped-web-agency-logo.png...
[16/Dec/2020:13:46:41] (S): Fetched remote attachment.
[16/Dec/2020:13:46:41] (P): Inserting attachment...
[16/Dec/2020:13:46:41] (S): Attachment inserted
[16/Dec/2020:13:46:41] (S): Processed attachment.
[16/Dec/2020:13:46:41] (P): Processing attachment: https://s33834.pcdn.co/web-agency/wp-content/uploads/sites/421/2020/06/web-agency-logo-2.png...
[16/Dec/2020:13:46:41] (P): Fetching attachment from url: https://s33834.pcdn.co/web-agency/wp-content/uploads/sites/421/2020/06/web-agency-logo-2.png...
[16/Dec/2020:13:46:41] (S): Fetched remote attachment.
[16/Dec/2020:13:46:41] (P): Inserting attachment...
[16/Dec/2020:13:46:42] (S): Attachment inserted
[16/Dec/2020:13:46:42] (S): Processed attachment.
[16/Dec/2020:13:46:42] (P): Processing attachment: https://s33834.pcdn.co/web-agency/wp-content/uploads/sites/421/2020/06/cropped-web-agency-logo-2.png...
[16/Dec/2020:13:46:42] (P): Fetching attachment from url: https://s33834.pcdn.co/web-agency/wp-content/uploads/sites/421/2020/06/cropped-web-agency-logo-2.png...
[16/Dec/2020:13:46:42] (S): Fetched remote attachment.
[16/Dec/2020:13:46:42] (P): Inserting attachment...
[16/Dec/2020:13:46:42] (S): Attachment inserted
[16/Dec/2020:13:46:42] (S): Processed attachment.
[16/Dec/2020:13:46:42] (P): Processing attachment: https://s33834.pcdn.co/web-agency/wp-content/uploads/sites/421/2020/06/web-agency-icon.png...
[16/Dec/2020:13:46:42] (P): Fetching attachment from url: https://s33834.pcdn.co/web-agency/wp-content/uploads/sites/421/2020/06/web-agency-icon.png...
[16/Dec/2020:13:46:42] (S): Fetched remote attachment.
[16/Dec/2020:13:46:42] (P): Inserting attachment...
[16/Dec/2020:13:46:42] (S): Attachment inserted
[16/Dec/2020:13:46:42] (S): Processed attachment.
[16/Dec/2020:13:46:42] (P): Processing attachment: https://s33834.pcdn.co/web-agency/wp-content/uploads/sites/421/2020/06/cropped-web-agency-icon.png...
[16/Dec/2020:13:46:42] (P): Fetching attachment from url: https://s33834.pcdn.co/web-agency/wp-content/uploads/sites/421/2020/06/cropped-web-agency-icon.png...
[16/Dec/2020:13:46:42] (S): Fetched remote attachment.
[16/Dec/2020:13:46:42] (P): Inserting attachment...
[16/Dec/2020:13:46:42] (S): Attachment inserted
[16/Dec/2020:13:46:42] (S): Processed attachment.
[16/Dec/2020:13:46:42] (P): Processing attachment: https://s33834.pcdn.co/web-agency/wp-content/uploads/sites/421/2020/07/web-design-studio-01.jpg.jpg...
[16/Dec/2020:13:46:42] (P): Fetching attachment from url: https://s33834.pcdn.co/web-agency/wp-content/uploads/sites/421/2020/07/web-design-studio-01.jpg.jpg...
[16/Dec/2020:13:46:42] (S): Fetched remote attachment.
[16/Dec/2020:13:46:42] (P): Inserting attachment...
[16/Dec/2020:13:46:42] (S): Attachment inserted
[16/Dec/2020:13:46:42] (S): Processed attachment.
[16/Dec/2020:13:46:42] (P): Inserting custom_css: neve .
[16/Dec/2020:13:46:42] (S): Done inserting custom_css: neve .
[16/Dec/2020:13:46:42] (P): Processing attachment: https://s33834.pcdn.co/web-agency/wp-content/uploads/sites/421/2020/12/web-agency-logo-3.png...
[16/Dec/2020:13:46:42] (P): Fetching attachment from url: https://s33834.pcdn.co/web-agency/wp-content/uploads/sites/421/2020/12/web-agency-logo-3.png...
[16/Dec/2020:13:46:42] (S): Fetched remote attachment.
[16/Dec/2020:13:46:42] (P): Inserting attachment...
[16/Dec/2020:13:46:42] (S): Attachment inserted
[16/Dec/2020:13:46:42] (S): Processed attachment.
[16/Dec/2020:13:46:42] (P): Inserting post: 5 UX Principles for Creating a Great Website .
[16/Dec/2020:13:46:42] (S): Done inserting post: 5 UX Principles for Creating a Great Website .
[16/Dec/2020:13:46:42] (P): Inserting page: News .
[16/Dec/2020:13:46:42] (S): Done inserting page: News .
[16/Dec/2020:13:46:42] (P): Inserting page: Home .
[16/Dec/2020:13:46:42] (S): Done inserting page: Home .
[16/Dec/2020:13:46:42] (P): Filtering elementor meta...
[16/Dec/2020:13:46:42] (S): Filtered elementor meta.
[16/Dec/2020:13:46:42] (P): Inserting post: Web Design Trends for 2020 .
[16/Dec/2020:13:46:42] (S): Done inserting post: Web Design Trends for 2020 .
[16/Dec/2020:13:46:42] (P): Inserting post: A Simple Guide to Design Thinking .
[16/Dec/2020:13:46:42] (S): Done inserting post: A Simple Guide to Design Thinking .
[16/Dec/2020:13:46:42] (P): Inserting page: About Us .
[16/Dec/2020:13:46:42] (S): Done inserting page: About Us .
[16/Dec/2020:13:46:42] (P): Filtering elementor meta...
[16/Dec/2020:13:46:42] (S): Filtered elementor meta.
[16/Dec/2020:13:46:42] (P): Inserting page: Portfolio .
[16/Dec/2020:13:46:43] (S): Done inserting page: Portfolio .
[16/Dec/2020:13:46:43] (P): Filtering elementor meta...
[16/Dec/2020:13:46:43] (S): Filtered elementor meta.
[16/Dec/2020:13:46:43] (P): Inserting page: Contact .
[16/Dec/2020:13:46:43] (S): Done inserting page: Contact .
[16/Dec/2020:13:46:43] (P): Filtering elementor meta...
[16/Dec/2020:13:46:43] (S): Filtered elementor meta.
[16/Dec/2020:13:46:43] (P): Inserting page: Portfolio single .
[16/Dec/2020:13:46:43] (S): Done inserting page: Portfolio single .
[16/Dec/2020:13:46:43] (P): Filtering elementor meta...
[16/Dec/2020:13:46:43] (S): Filtered elementor meta.
[16/Dec/2020:13:46:43] (P): Processing single menu item ' '...
[16/Dec/2020:13:46:43] (S): Processed single menu item.
[16/Dec/2020:13:46:43] (P): Processing single menu item ' '...
[16/Dec/2020:13:46:43] (S): Processed single menu item.
[16/Dec/2020:13:46:43] (P): Processing single menu item ' '...
[16/Dec/2020:13:46:43] (S): Processed single menu item.
[16/Dec/2020:13:46:43] (P): Processing single menu item ' '...
[16/Dec/2020:13:46:43] (S): Processed single menu item.
[16/Dec/2020:13:46:43] (P): Processing single menu item ' '...
[16/Dec/2020:13:46:43] (S): Processed single menu item.
[16/Dec/2020:13:46:43] (S): Processed posts.
[16/Dec/2020:13:46:43] (P): Processing single menu item ' '...
[16/Dec/2020:13:46:43] (S): Processed single menu item.
[16/Dec/2020:13:46:43] (P): Cleaning up import with id ...
[16/Dec/2020:13:46:43] (P): Done cleanup. Flushing cache...
[16/Dec/2020:13:46:43] (P): Flushed cache. Removing temporary data..
[16/Dec/2020:13:46:43] (S): Done importing
[16/Dec/2020:13:46:43] (P): Busting elementor cache
[16/Dec/2020:13:46:43] (S): Front page set up with id: 5.
